<?xml version="1.0" encoding="UTF-8"?>
<!-- Generated by org.testng.reporters.JUnitXMLReporter -->
<testsuite hostname="LAPTOP-4A09D7UF" ignored="1" name="Test1" tests="2" failures="0" timestamp="2020-09-29T08:30:12 IST" time="0.006" errors="0">
  <testcase name="test2" time="0.001" classname="com.sel.exercise.itest"/>
  <testcase name="test2" time="0.002" classname="com.sel.exercise.itest"/>
  <testcase name="test1" time="0.0" classname="com.sel.exercise.itest">
    <ignored/>
  </testcase> <!-- test1 -->
</testsuite> <!-- Test1 -->
