<?xml version="1.0" encoding="UTF-8"?>
<!-- Generated by org.testng.reporters.JUnitXMLReporter -->
<testsuite hostname="LAPTOP-4A09D7UF" ignored="2" name="Test" tests="4" failures="0" timestamp="2020-09-30T19:03:23 IST" time="0.062" errors="0">
  <testcase name="testing1" time="0.01" classname="com.sel.exercise.testng1"/>
  <testcase name="testing1" time="0.001" classname="com.sel.exercise.testng1"/>
  <testcase name="testing1" time="0.001" classname="com.sel.exercise.testng1"/>
  <testcase name="testing1" time="0.001" classname="com.sel.exercise.testng1"/>
  <testcase name="testing2" time="0.0" classname="com.sel.exercise.testng1">
    <ignored/>
  </testcase> <!-- testing2 -->
  <testcase name="testing3" time="0.0" classname="com.sel.exercise.testng1">
    <ignored/>
  </testcase> <!-- testing3 -->
</testsuite> <!-- Test -->
